TN:
SF:src\utils\exportUtils.ts
FN:15,exportAsText
FN:23,exportAsJson
FN:29,(anonymous_2)
FN:42,exportAsCsv
FN:43,(anonymous_4)
FN:45,(anonymous_5)
FN:57,exportAsMarkdown
FN:69,createDownloadBlob
FN:73,exportByFormat
FN:95,getAvailableFormats
FNF:10
FNH:5
FNDA:0,exportAsText
FNDA:1,exportAsJson
FNDA:2,(anonymous_2)
FNDA:1,exportAsCsv
FNDA:2,(anonymous_4)
FNDA:2,(anonymous_5)
FNDA:0,exportAsMarkdown
FNDA:0,createDownloadBlob
FNDA:0,exportByFormat
FNDA:0,getAvailableFormats
DA:16,0
DA:27,1
DA:29,2
DA:35,1
DA:43,2
DA:44,1
DA:45,1
DA:46,2
DA:47,2
DA:50,1
DA:58,0
DA:59,0
DA:60,0
DA:62,0
DA:70,0
DA:78,0
DA:80,0
DA:86,0
DA:88,0
DA:91,0
DA:96,0
LF:21
LH:9
BRDA:31,0,0,1
BRDA:31,0,1,1
BRDA:58,1,0,0
BRDA:58,1,1,0
BRDA:78,2,0,0
BRDA:78,2,1,0
BRDA:78,2,2,0
BRDA:78,2,3,0
BRDA:78,2,4,0
BRF:9
BRH:2
end_of_record
TN:
SF:src\utils\fileValidation.ts
FN:16,isValidImageType
FN:20,isValidFileSize
FN:24,validateFile
FN:43,generateDownloadName
FN:54,formatFileSize
FN:65,getAcceptedFormats
FNF:6
FNH:4
FNDA:5,isValidImageType
FNDA:3,isValidFileSize
FNDA:5,validateFile
FNDA:0,generateDownloadName
FNDA:2,formatFileSize
FNDA:0,getAcceptedFormats
DA:6,1
DA:14,1
DA:17,5
DA:21,3
DA:25,5
DA:26,2
DA:27,2
DA:33,3
DA:34,2
DA:40,1
DA:47,0
DA:48,0
DA:49,0
DA:51,0
DA:55,2
DA:57,2
DA:58,2
DA:59,2
DA:60,2
DA:62,2
DA:66,0
LF:21
LH:16
BRDA:20,0,0,3
BRDA:24,1,0,5
BRDA:25,2,0,2
BRDA:25,2,1,3
BRDA:26,3,0,2
BRDA:26,3,1,0
BRDA:33,4,0,2
BRDA:33,4,1,1
BRDA:45,5,0,0
BRDA:47,6,0,0
BRDA:47,6,1,0
BRDA:55,7,0,0
BRDA:55,7,1,2
BRDA:62,8,0,2
BRDA:62,8,1,0
BRF:15
BRH:9
end_of_record
TN:
SF:src\utils\historyManager.ts
FN:19,getStorage
FN:23,generateId
FN:27,createPreview
FN:33,getHistory
FN:42,addToHistory
FN:68,getHistoryEntry
FN:72,(anonymous_6)
FN:75,deleteFromHistory
FN:80,(anonymous_8)
FN:88,clearHistory
FN:92,searchHistory
FN:100,(anonymous_11)
FN:106,formatTimestamp
FNF:13
FNH:8
FNDA:0,getStorage
FNDA:2,generateId
FNDA:2,createPreview
FNDA:8,getHistory
FNDA:2,addToHistory
FNDA:0,getHistoryEntry
FNDA:0,(anonymous_6)
FNDA:1,deleteFromHistory
FNDA:2,(anonymous_8)
FNDA:0,clearHistory
FNDA:2,searchHistory
FNDA:4,(anonymous_11)
FNDA:0,formatTimestamp
DA:16,1
DA:17,1
DA:20,0
DA:24,2
DA:28,2
DA:29,2
DA:30,0
DA:34,8
DA:35,8
DA:36,8
DA:38,0
DA:46,2
DA:48,2
DA:57,2
DA:60,2
DA:61,0
DA:64,2
DA:65,2
DA:72,0
DA:79,1
DA:80,2
DA:82,1
DA:84,1
DA:85,1
DA:89,0
DA:96,2
DA:98,2
DA:99,2
DA:101,4
DA:107,0
DA:108,0
DA:109,0
DA:110,0
DA:111,0
DA:112,0
DA:114,0
DA:115,0
DA:116,0
DA:117,0
DA:118,0
LF:40
LH:23
BRDA:27,0,0,2
BRDA:29,1,0,2
BRDA:29,1,1,0
BRDA:33,2,0,8
BRDA:36,3,0,7
BRDA:36,3,1,1
BRDA:44,4,0,2
BRDA:60,5,0,0
BRDA:60,5,1,2
BRDA:70,6,0,0
BRDA:77,7,0,1
BRDA:82,8,0,0
BRDA:82,8,1,1
BRDA:88,9,0,0
BRDA:94,10,0,2
BRDA:96,11,0,0
BRDA:96,11,1,2
BRDA:101,12,0,4
BRDA:101,12,1,3
BRDA:114,13,0,0
BRDA:114,13,1,0
BRDA:115,14,0,0
BRDA:115,14,1,0
BRDA:116,15,0,0
BRDA:116,15,1,0
BRDA:117,16,0,0
BRDA:117,16,1,0
BRF:27
BRH:13
end_of_record
TN:
SF:src\utils\textProcessing.ts
FN:19,countWords
FN:24,countCharacters
FN:29,countLines
FN:34,countSentences
FN:40,getTextStats
FN:50,cleanText
FN:58,searchInText
FN:74,highlightMatches
FN:99,getConfidenceLabel
FNF:9
FNH:8
FNDA:1,countWords
FNDA:2,countCharacters
FNDA:1,countLines
FNDA:1,countSentences
FNDA:1,getTextStats
FNDA:2,cleanText
FNDA:1,searchInText
FNDA:1,highlightMatches
FNDA:0,getConfidenceLabel
DA:20,1
DA:21,1
DA:25,2
DA:26,2
DA:30,1
DA:31,1
DA:35,1
DA:36,1
DA:37,1
DA:41,1
DA:51,2
DA:59,1
DA:61,1
DA:62,1
DA:63,1
DA:64,1
DA:66,1
DA:67,2
DA:68,2
DA:71,1
DA:75,1
DA:77,1
DA:78,1
DA:79,1
DA:80,1
DA:82,1
DA:83,1
DA:84,2
DA:85,1
DA:87,2
DA:88,2
DA:89,2
DA:92,1
DA:93,1
DA:96,1
DA:100,0
DA:101,0
DA:102,0
DA:103,0
LF:39
LH:35
BRDA:20,0,0,0
BRDA:20,0,1,1
BRDA:24,1,0,2
BRDA:25,2,0,0
BRDA:25,2,1,2
BRDA:26,3,0,1
BRDA:26,3,1,1
BRDA:30,4,0,0
BRDA:30,4,1,1
BRDA:35,5,0,0
BRDA:35,5,1,1
BRDA:37,6,0,1
BRDA:37,6,1,0
BRDA:37,7,0,0
BRDA:37,7,1,0
BRDA:59,8,0,0
BRDA:59,8,1,1
BRDA:59,9,0,1
BRDA:59,9,1,1
BRDA:75,10,0,0
BRDA:75,10,1,1
BRDA:75,11,0,1
BRDA:75,11,1,1
BRDA:84,12,0,1
BRDA:84,12,1,1
BRDA:92,13,0,1
BRDA:92,13,1,0
BRDA:96,14,0,1
BRDA:96,14,1,0
BRDA:100,15,0,0
BRDA:100,15,1,0
BRDA:101,16,0,0
BRDA:101,16,1,0
BRDA:102,17,0,0
BRDA:102,17,1,0
BRF:35
BRH:18
end_of_record
